[debug] [2021-11-20T21:15:27.144Z] ----------------------------------------------------------------------
[debug] [2021-11-20T21:15:27.145Z] Command:       /usr/local/bin/node /usr/local/bin/firebase init
[debug] [2021-11-20T21:15:27.145Z] CLI Version:   9.23.0
[debug] [2021-11-20T21:15:27.145Z] Platform:      darwin
[debug] [2021-11-20T21:15:27.145Z] Node Version:  v16.10.0
[debug] [2021-11-20T21:15:27.150Z] Time:          Sat Nov 20 2021 16:15:27 GMT-0500 (Eastern Standard Time)
[debug] [2021-11-20T21:15:27.150Z] ----------------------------------------------------------------------
[debug] 
[debug] [2021-11-20T21:15:27.152Z] > command requires scopes: ["email","openid","https://www.googleapis.com/auth/cloudplatformprojects.readonly","https://www.googleapis.com/auth/firebase","https://www.googleapis.com/auth/cloud-platform"]
[debug] [2021-11-20T21:15:27.153Z] > authorizing via signed-in user (malhan0505@gmail.com)
[info] 
     ######## #### ########  ######## ########     ###     ######  ########
     ##        ##  ##     ## ##       ##     ##  ##   ##  ##       ##
     ######    ##  ########  ######   ########  #########  ######  ######
     ##        ##  ##    ##  ##       ##     ## ##     ##       ## ##
     ##       #### ##     ## ######## ########  ##     ##  ######  ########

You're about to initialize a Firebase project in this directory:

  /Users/sudhanahumalhan/Desktop/React Projects/Food Recipie/foodrecipie

[info] 
=== Project Setup
[info] 
[info] First, let's associate this project directory with a Firebase project.
[info] You can create multiple project aliases by running firebase use --add, 
[info] but for now we'll just set up a default project.
[info] 
[debug] [2021-11-20T21:16:08.257Z] >>> [apiv2][query] GET https://firebase.googleapis.com/v1beta1/projects pageSize=100
[debug] [2021-11-20T21:16:08.592Z] <<< [apiv2][status] GET https://firebase.googleapis.com/v1beta1/projects 200
[debug] [2021-11-20T21:16:08.592Z] <<< [apiv2][body] GET https://firebase.googleapis.com/v1beta1/projects [omitted]
[info] i  Using project foodrecipie05 (foodRecipie05) 
[info] 
=== Hosting:github Setup
[info] 
[info] i  Detected a .git folder at /Users/sudhanahumalhan/Desktop/React Projects/Food Recipie/foodrecipie 
[info] i  Authorizing with GitHub to upload your service account to a GitHub repository's secrets store. 
[info] 
[info] Visit this URL on this device to log in:
[info] https://github.com/login/oauth/authorize?client_id=89cf50f02ac6aaed3484&state=423425020&redirect_uri=http%3A%2F%2Flocalhost%3A9005&scope=read%3Auser%20repo%20public_repo
[info] 
[info] Waiting for authentication...
[debug] [2021-11-20T21:16:43.201Z] >>> HTTP REQUEST POST https://github.com/login/oauth/access_token  
 {"client_id":"89cf50f02ac6aaed3484","client_secret":"3330d14abc895d9a74d5f17cd7a00711fa2c5bf0","code":"dbcfe4d31173c2345835","redirect_uri":"http://localhost:9005","state":"423425020"}
[debug] [2021-11-20T21:16:43.393Z] <<< HTTP RESPONSE 200 {"server":"GitHub.com","date":"Sat, 20 Nov 2021 21:16:43 GMT","content-type":"application/json; charset=utf-8","transfer-encoding":"chunked","vary":"X-PJAX, X-PJAX-Container, Accept-Encoding, Accept, X-Requested-With","permissions-policy":"interest-cohort=()","etag":"W/\"e9453d95c9e4cfb6c99ca18c511d731e\"","cache-control":"max-age=0, private, must-revalidate","strict-transport-security":"max-age=31536000; includeSubdomains; preload","x-frame-options":"deny","x-content-type-options":"nosniff","x-xss-protection":"0","referrer-policy":"origin-when-cross-origin, strict-origin-when-cross-origin","expect-ct":"max-age=2592000, report-uri=\"https://api.github.com/_private/browser/errors\"","content-security-policy":"default-src 'none'; base-uri 'self'; block-all-mixed-content; child-src github.com/assets-cdn/worker/ gist.github.com/assets-cdn/worker/; connect-src 'self' uploads.github.com objects-origin.githubusercontent.com www.githubstatus.com collector.githubapp.com api.github.com github-cloud.s3.amazonaws.com github-production-repository-file-5c1aeb.s3.amazonaws.com github-production-upload-manifest-file-7fdce7.s3.amazonaws.com github-production-user-asset-6210df.s3.amazonaws.com cdn.optimizely.com logx.optimizely.com/v1/events translator.github.com wss://alive.github.com; font-src github.githubassets.com; form-action 'self' github.com gist.github.com objects-origin.githubusercontent.com; frame-ancestors 'none'; frame-src render.githubusercontent.com viewscreen.githubusercontent.com notebooks.githubusercontent.com; img-src 'self' data: github.githubassets.com identicons.github.com collector.githubapp.com github-cloud.s3.amazonaws.com secured-user-images.githubusercontent.com/ *.githubusercontent.com; manifest-src 'self'; media-src github.com user-images.githubusercontent.com/; script-src github.githubassets.com; style-src 'unsafe-inline' github.githubassets.com; worker-src github.com/assets-cdn/worker/ gist.github.com/assets-cdn/worker/","x-github-request-id":"FDED:18E0:57B3BF:92331E:619965BB"}
[debug] [2021-11-20T21:16:43.399Z] >>> [apiv2][query] GET https://api.github.com/user [none]
[debug] [2021-11-20T21:16:43.616Z] <<< [apiv2][status] GET https://api.github.com/user 200
[debug] [2021-11-20T21:16:43.617Z] <<< [apiv2][body] GET https://api.github.com/user {"login":"Sudhanshu05","id":63284164,"node_id":"MDQ6VXNlcjYzMjg0MTY0","avatar_url":"https://avatars.githubusercontent.com/u/63284164?v=4","gravatar_id":"","url":"https://api.github.com/users/Sudhanshu05","html_url":"https://github.com/Sudhanshu05","followers_url":"https://api.github.com/users/Sudhanshu05/followers","following_url":"https://api.github.com/users/Sudhanshu05/following{/other_user}","gists_url":"https://api.github.com/users/Sudhanshu05/gists{/gist_id}","starred_url":"https://api.github.com/users/Sudhanshu05/starred{/owner}{/repo}","subscriptions_url":"https://api.github.com/users/Sudhanshu05/subscriptions","organizations_url":"https://api.github.com/users/Sudhanshu05/orgs","repos_url":"https://api.github.com/users/Sudhanshu05/repos","events_url":"https://api.github.com/users/Sudhanshu05/events{/privacy}","received_events_url":"https://api.github.com/users/Sudhanshu05/received_events","type":"User","site_admin":false,"name":null,"company":null,"blog":"","location":null,"email":null,"hireable":null,"bio":null,"twitter_username":null,"public_repos":4,"public_gists":0,"followers":0,"following":0,"created_at":"2020-04-07T07:41:15Z","updated_at":"2021-10-21T19:19:54Z","private_gists":0,"total_private_repos":6,"owned_private_repos":6,"disk_usage":9787,"collaborators":0,"two_factor_authentication":false,"plan":{"name":"free","space":976562499,"collaborators":0,"private_repos":10000}}
[info] 
[info] ✔  Success! Logged into GitHub as Sudhanshu05 
[info] 
[debug] [2021-11-20T21:18:01.661Z] >>> [apiv2][query] GET https://api.github.com/repos//actions/secrets/public-key type=owner
[debug] [2021-11-20T21:18:01.801Z] <<< [apiv2][status] GET https://api.github.com/repos//actions/secrets/public-key 404
[debug] [2021-11-20T21:18:01.802Z] <<< [apiv2][body] GET https://api.github.com/repos//actions/secrets/public-key {"message":"Not Found","documentation_url":"https://docs.github.com/rest"}
[debug] [2021-11-20T21:18:19.772Z] >>> [apiv2][query] GET https://api.github.com/repos/Sudhnashu05/FoodReipie/actions/secrets/public-key type=owner
[debug] [2021-11-20T21:18:19.898Z] <<< [apiv2][status] GET https://api.github.com/repos/Sudhnashu05/FoodReipie/actions/secrets/public-key 404
[debug] [2021-11-20T21:18:19.898Z] <<< [apiv2][body] GET https://api.github.com/repos/Sudhnashu05/FoodReipie/actions/secrets/public-key {"message":"Not Found","documentation_url":"https://docs.github.com/rest/reference/actions#get-a-repository-public-key"}
[debug] [2021-11-20T21:18:27.885Z] >>> [apiv2][query] GET https://api.github.com/repos//actions/secrets/public-key type=owner
[debug] [2021-11-20T21:18:28.020Z] <<< [apiv2][status] GET https://api.github.com/repos//actions/secrets/public-key 404
[debug] [2021-11-20T21:18:28.020Z] <<< [apiv2][body] GET https://api.github.com/repos//actions/secrets/public-key {"message":"Not Found","documentation_url":"https://docs.github.com/rest"}
[debug] [2021-11-20T21:18:31.375Z] >>> [apiv2][query] GET https://api.github.com/repos/foodrecipie/actions/secrets/public-key type=owner
[debug] [2021-11-20T21:18:31.508Z] <<< [apiv2][status] GET https://api.github.com/repos/foodrecipie/actions/secrets/public-key 404
[debug] [2021-11-20T21:18:31.508Z] <<< [apiv2][body] GET https://api.github.com/repos/foodrecipie/actions/secrets/public-key {"message":"Not Found","documentation_url":"https://docs.github.com/rest"}
[debug] [2021-11-20T21:24:51.057Z] >>> [apiv2][query] GET https://api.github.com/repos/Sudhanshu05/Foodrecipie/actions/secrets/public-key type=owner
[debug] [2021-11-20T21:24:51.231Z] <<< [apiv2][status] GET https://api.github.com/repos/Sudhanshu05/Foodrecipie/actions/secrets/public-key 404
[debug] [2021-11-20T21:24:51.231Z] <<< [apiv2][body] GET https://api.github.com/repos/Sudhanshu05/Foodrecipie/actions/secrets/public-key {"message":"Not Found","documentation_url":"https://docs.github.com/rest/reference/actions#get-a-repository-public-key"}
